<?xml version="1.0" encoding="UTF-8"?>
<!-- Generated by org.testng.reporters.JUnitReportReporter -->
<testsuite hostname="LMMUMLP0238" failures="0" tests="1" name="Case2_TestNG.Case2_Booking" time="41.108" errors="0" timestamp="2024-01-29T17:18:55 IST" skipped="0">
  <testcase classname="Case2_TestNG.Case2_Booking" name="f" time="41.108"/>
</testsuite> <!-- Case2_TestNG.Case2_Booking -->
