<?xml version="1.0" encoding="UTF-8"?>
<!-- Generated by org.testng.reporters.JUnitReportReporter -->
<testsuite hostname="LMMUMLP0238" failures="0" tests="1" name="Case1_TestNG.Case1_Regi" time="19.769" errors="0" timestamp="2024-01-29T17:40:38 IST" skipped="0">
  <testcase classname="Case1_TestNG.Case1_Regi" name="f" time="19.769"/>
</testsuite> <!-- Case1_TestNG.Case1_Regi -->
