<?xml version="1.0" encoding="UTF-8"?>
<!-- Generated by org.testng.reporters.JUnitReportReporter -->
<testsuite hostname="LMMUMLP0238" failures="0" tests="3" name="Case2_TestNG.Luma_Booking" time="170.881" errors="0" timestamp="2024-01-29T17:16:44 IST" skipped="0">
  <testcase classname="Case2_TestNG.Luma_Booking" name="f" time="44.004"/>
  <testcase classname="Case2_TestNG.Luma_Booking" name="f" time="41.050"/>
  <testcase classname="Case2_TestNG.Luma_Booking" name="f" time="85.827"/>
</testsuite> <!-- Case2_TestNG.Luma_Booking -->
