<?xml version="1.0" encoding="UTF-8"?>
<!-- Generated by org.testng.reporters.JUnitReportReporter -->
<testsuite hostname="LMMUMLP0238" failures="0" tests="3" name="Case2_TestNG.Luma_Booking" time="130.274" errors="0" timestamp="2024-01-30T13:43:27 IST" skipped="0">
  <testcase classname="Case2_TestNG.Luma_Booking" name="f" time="29.581"/>
  <testcase classname="Case2_TestNG.Luma_Booking" name="f" time="62.691"/>
  <testcase classname="Case2_TestNG.Luma_Booking" name="f" time="38.002"/>
</testsuite> <!-- Case2_TestNG.Luma_Booking -->
