<?xml version="1.0" encoding="UTF-8"?>
<!-- Generated by org.testng.reporters.JUnitReportReporter -->
<testsuite hostname="LMMUMLP0238" failures="0" tests="2" name="Jan22_TestNG.Lab8_TestNG_lab4" time="30.579" errors="0" timestamp="2024-01-23T10:07:11 IST" skipped="0">
  <testcase classname="Jan22_TestNG.Lab8_TestNG_lab4" name="f" time="18.497"/>
  <testcase classname="Jan22_TestNG.Lab8_TestNG_lab4" name="f" time="12.082"/>
</testsuite> <!-- Jan22_TestNG.Lab8_TestNG_lab4 -->
