<?xml version="1.0" encoding="UTF-8"?>
<!-- Generated by org.testng.reporters.JUnitReportReporter -->
<testsuite hostname="LMMUMLP0238" failures="0" tests="1" name="Jan18.TC001_TestNG" time="0.019" errors="0" timestamp="2024-01-22T13:39:25 IST" skipped="0">
  <testcase classname="Jan18.TC001_TestNG" name="logintest" time="0.019"/>
</testsuite> <!-- Jan18.TC001_TestNG -->
