<?xml version="1.0" encoding="UTF-8"?>
<!-- Generated by org.testng.reporters.JUnitReportReporter -->
<testsuite hostname="LMMUMLP0238" failures="0" tests="3" name="Jan25_TestNG.TC001_Multipletest" time="0.056" errors="0" timestamp="2024-01-25T10:54:25 IST" skipped="0">
  <testcase classname="Jan25_TestNG.TC001_Multipletest" name="Test2" time="0.048"/>
  <testcase classname="Jan25_TestNG.TC001_Multipletest" name="Test1" time="0.003"/>
  <testcase classname="Jan25_TestNG.TC001_Multipletest" name="Test3" time="0.005"/>
</testsuite> <!-- Jan25_TestNG.TC001_Multipletest -->
